[2018-01-05 20:27:21] [INFO ] [org.hibernate.validator.internal.util.Version:30]-- HV000001: Hibernate Validator 5.3.4.Final
[2018-01-05 20:27:21] [INFO ] [org.springframework.context.annotation.AnnotationConfigApplicationContext:582]-- Refreshing org.springframework.context.annotation.AnnotationConfigApplicationContext@708f5957: startup date [Fri Jan 05 20:27:21 NZDT 2018]; root of context hierarchy
[2018-01-05 20:27:21] [INFO ] [org.springframework.beans.factory.annotation.AutowiredAnnotationBeanPostProcessor:155]-- JSR-330 'javax.inject.Inject' annotation found and supported for autowiring
[2018-01-05 20:27:22] [INFO ] [org.springframework.context.support.PostProcessorRegistrationDelegate$BeanPostProcessorChecker:325]-- Bean 'configurationPropertiesRebinderAutoConfiguration' of type [org.springframework.cloud.autoconfigure.ConfigurationPropertiesRebinderAutoConfiguration$$EnhancerBySpringCGLIB$$d7338283] is not eligible for getting processed by all BeanPostProcessors (for example: not eligible for auto-proxying)
[2018-01-05 20:27:22] [INFO ] [com.nf.NFApplication:641]-- The following profiles are active: local
[2018-01-05 20:27:22] [INFO ] [org.springframework.boot.context.embedded.AnnotationConfigEmbeddedWebApplicationContext:582]-- Refreshing org.springframework.boot.context.embedded.AnnotationConfigEmbeddedWebApplicationContext@3cce57c7: startup date [Fri Jan 05 20:27:22 NZDT 2018]; parent: org.springframework.context.annotation.AnnotationConfigApplicationContext@708f5957
[2018-01-05 20:27:26] [INFO ] [org.springframework.cloud.context.scope.GenericScope:263]-- BeanFactory id=269d4ac3-8a50-3db0-9b76-3d4afaa59d0f
[2018-01-05 20:27:26] [INFO ] [org.springframework.beans.factory.annotation.AutowiredAnnotationBeanPostProcessor:155]-- JSR-330 'javax.inject.Inject' annotation found and supported for autowiring
[2018-01-05 20:27:26] [INFO ] [org.springframework.context.support.PostProcessorRegistrationDelegate$BeanPostProcessorChecker:325]-- Bean 'org.springframework.transaction.annotation.ProxyTransactionManagementConfiguration' of type [org.springframework.transaction.annotation.ProxyTransactionManagementConfiguration$$EnhancerBySpringCGLIB$$bb197f86] is not eligible for getting processed by all BeanPostProcessors (for example: not eligible for auto-proxying)
[2018-01-05 20:27:27] [INFO ] [org.springframework.context.support.PostProcessorRegistrationDelegate$BeanPostProcessorChecker:325]-- Bean 'org.springframework.cloud.netflix.metrics.MetricsInterceptorConfiguration$MetricsRestTemplateConfiguration' of type [org.springframework.cloud.netflix.metrics.MetricsInterceptorConfiguration$MetricsRestTemplateConfiguration$$EnhancerBySpringCGLIB$$ed4625c7] is not eligible for getting processed by all BeanPostProcessors (for example: not eligible for auto-proxying)
[2018-01-05 20:27:27] [INFO ] [org.springframework.context.support.PostProcessorRegistrationDelegate$BeanPostProcessorChecker:325]-- Bean 'org.springframework.cloud.autoconfigure.ConfigurationPropertiesRebinderAutoConfiguration' of type [org.springframework.cloud.autoconfigure.ConfigurationPropertiesRebinderAutoConfiguration$$EnhancerBySpringCGLIB$$d7338283] is not eligible for getting processed by all BeanPostProcessors (for example: not eligible for auto-proxying)
[2018-01-05 20:27:27] [INFO ] [org.springframework.boot.context.embedded.tomcat.TomcatEmbeddedServletContainer:89]-- Tomcat initialized with port(s): 5000 (http)
[2018-01-05 20:27:28] [INFO ] [org.apache.catalina.core.StandardService:179]-- Starting service Tomcat
[2018-01-05 20:27:28] [INFO ] [org.apache.catalina.core.StandardEngine:179]-- Starting Servlet Engine: Apache Tomcat/8.5.11
[2018-01-05 20:27:28] [INFO ] [org.apache.catalina.core.ContainerBase.[Tomcat].[localhost].[/]:179]-- Initializing Spring embedded WebApplicationContext
[2018-01-05 20:27:28] [INFO ] [org.springframework.web.context.ContextLoader:276]-- Root WebApplicationContext: initialization completed in 5421 ms
[2018-01-05 20:27:29] [INFO ] [org.springframework.boot.web.servlet.ServletRegistrationBean:190]-- Mapping servlet: 'dispatcherServlet' to [/]
[2018-01-05 20:27:29] [INFO ] [org.springframework.boot.web.servlet.FilterRegistrationBean:258]-- Mapping filter: 'metricsFilter' to: [/*]
[2018-01-05 20:27:29] [INFO ] [org.springframework.boot.web.servlet.FilterRegistrationBean:258]-- Mapping filter: 'characterEncodingFilter' to: [/*]
[2018-01-05 20:27:29] [INFO ] [org.springframework.boot.web.servlet.FilterRegistrationBean:258]-- Mapping filter: 'hiddenHttpMethodFilter' to: [/*]
[2018-01-05 20:27:29] [INFO ] [org.springframework.boot.web.servlet.FilterRegistrationBean:258]-- Mapping filter: 'httpPutFormContentFilter' to: [/*]
[2018-01-05 20:27:29] [INFO ] [org.springframework.boot.web.servlet.FilterRegistrationBean:258]-- Mapping filter: 'requestContextFilter' to: [/*]
[2018-01-05 20:27:29] [INFO ] [org.springframework.boot.web.servlet.FilterRegistrationBean:258]-- Mapping filter: 'webRequestLoggingFilter' to: [/*]
[2018-01-05 20:27:29] [INFO ] [org.springframework.boot.web.servlet.FilterRegistrationBean:258]-- Mapping filter: 'applicationContextIdFilter' to: [/*]
[2018-01-05 20:27:59] [INFO ] [org.springframework.orm.jpa.LocalContainerEntityManagerFactoryBean:349]-- Building JPA container EntityManagerFactory for persistence unit 'default'
[2018-01-05 20:27:59] [INFO ] [org.hibernate.jpa.internal.util.LogHelper:31]-- HHH000204: Processing PersistenceUnitInfo [
	name: default
	...]
[2018-01-05 20:27:59] [INFO ] [org.hibernate.Version:37]-- HHH000412: Hibernate Core {5.0.12.Final}
[2018-01-05 20:27:59] [INFO ] [org.hibernate.cfg.Environment:213]-- HHH000206: hibernate.properties not found
[2018-01-05 20:27:59] [INFO ] [org.hibernate.cfg.Environment:317]-- HHH000021: Bytecode provider name : javassist
[2018-01-05 20:27:59] [INFO ] [org.hibernate.annotations.common.Version:66]-- HCANN000001: Hibernate Commons Annotations {5.0.1.Final}
[2018-01-05 20:28:00] [INFO ] [org.hibernate.dialect.Dialect:156]-- HHH000400: Using dialect: org.hibernate.dialect.MySQL5Dialect
[2018-01-05 20:28:01] [INFO ] [org.hibernate.tool.hbm2ddl.SchemaUpdate:105]-- HHH000228: Running hbm2ddl schema update
[2018-01-05 20:30:48] [INFO ] [org.springframework.orm.jpa.LocalContainerEntityManagerFactoryBean:379]-- Initialized JPA EntityManagerFactory for persistence unit 'default'
[2018-01-05 20:30:49] [INFO ] [com.nf.nosqlservice.impl.NFNosqlModule:110]-- init JedisPool start : host->47.91.43.136,port->6379
[2018-01-05 20:30:49] [INFO ] [com.nf.nosqlservice.impl.NFNosqlModule:113]-- init JedisPool finished
[2018-01-05 20:30:50] [INFO ] [com.netflix.config.sources.URLConfigurationSource:122]-- To enable URLs as dynamic configuration sources, define System property archaius.configurationSource.additionalUrls or make config.properties available on classpath.
[2018-01-05 20:30:50] [INFO ] [com.netflix.config.sources.URLConfigurationSource:122]-- To enable URLs as dynamic configuration sources, define System property archaius.configurationSource.additionalUrls or make config.properties available on classpath.
[2018-01-05 20:30:51] [INFO ] [org.apache.catalina.core.ContainerBase.[Tomcat].[localhost].[/]:179]-- jolokia: No access restrictor found, access to any MBean is allowed
[2018-01-05 20:30:52] [INFO ] [org.springframework.web.servlet.mvc.method.annotation.RequestMappingHandlerAdapter:534]-- Looking for @ControllerAdvice: org.springframework.boot.context.embedded.AnnotationConfigEmbeddedWebApplicationContext@3cce57c7: startup date [Fri Jan 05 20:27:22 NZDT 2018]; parent: org.springframework.context.annotation.AnnotationConfigApplicationContext@708f5957
[2018-01-05 20:30:52] [INFO ] [org.springframework.web.servlet.mvc.method.annotation.RequestMappingHandlerMapping:543]-- Mapped "{[/error]}" onto public org.springframework.http.ResponseEntity<java.util.Map<java.lang.String, java.lang.Object>> org.springframework.boot.autoconfigure.web.BasicErrorController.error(javax.servlet.http.HttpServletRequest)
[2018-01-05 20:30:52] [INFO ] [org.springframework.web.servlet.mvc.method.annotation.RequestMappingHandlerMapping:543]-- Mapped "{[/error],produces=[text/html]}" onto public org.springframework.web.servlet.ModelAndView org.springframework.boot.autoconfigure.web.BasicErrorController.errorHtml(javax.servlet.http.HttpServletRequest,javax.servlet.http.HttpServletResponse)
[2018-01-05 20:30:52] [INFO ] [org.springframework.web.servlet.handler.SimpleUrlHandlerMapping:362]-- Mapped URL path [/webjars/**] onto handler of type [class org.springframework.web.servlet.resource.ResourceHttpRequestHandler]
[2018-01-05 20:30:52] [INFO ] [org.springframework.web.servlet.handler.SimpleUrlHandlerMapping:362]-- Mapped URL path [/**] onto handler of type [class org.springframework.web.servlet.resource.ResourceHttpRequestHandler]
[2018-01-05 20:30:52] [INFO ] [org.springframework.web.servlet.handler.SimpleUrlHandlerMapping:362]-- Mapped URL path [/**/favicon.ico] onto handler of type [class org.springframework.web.servlet.resource.ResourceHttpRequestHandler]
[2018-01-05 20:30:55] [INFO ] [org.springframework.boot.actuate.endpoint.mvc.EndpointHandlerMapping:543]-- Mapped "{[/heapdump || /heapdump.json],methods=[GET],produces=[application/octet-stream]}" onto public void org.springframework.boot.actuate.endpoint.mvc.HeapdumpMvcEndpoint.invoke(boolean,javax.servlet.http.HttpServletRequest,javax.servlet.http.HttpServletResponse) throws java.io.IOException,javax.servlet.ServletException
[2018-01-05 20:30:55] [INFO ] [org.springframework.boot.actuate.endpoint.mvc.EndpointHandlerMapping:543]-- Mapped "{[/auditevents || /auditevents.json],methods=[GET],produces=[application/vnd.spring-boot.actuator.v1+json || application/json]}" onto public org.springframework.http.ResponseEntity<?> org.springframework.boot.actuate.endpoint.mvc.AuditEventsMvcEndpoint.findByPrincipalAndAfterAndType(java.lang.String,java.util.Date,java.lang.String)
[2018-01-05 20:30:55] [INFO ] [org.springframework.boot.actuate.endpoint.mvc.EndpointHandlerMapping:543]-- Mapped "{[/loggers/{name:.*}],methods=[GET],produces=[application/vnd.spring-boot.actuator.v1+json || application/json]}" onto public java.lang.Object org.springframework.boot.actuate.endpoint.mvc.LoggersMvcEndpoint.get(java.lang.String)
[2018-01-05 20:30:55] [INFO ] [org.springframework.boot.actuate.endpoint.mvc.EndpointHandlerMapping:543]-- Mapped "{[/loggers/{name:.*}],methods=[POST],consumes=[application/vnd.spring-boot.actuator.v1+json || application/json],produces=[application/vnd.spring-boot.actuator.v1+json || application/json]}" onto public java.lang.Object org.springframework.boot.actuate.endpoint.mvc.LoggersMvcEndpoint.set(java.lang.String,java.util.Map<java.lang.String, java.lang.String>)
[2018-01-05 20:30:55] [INFO ] [org.springframework.boot.actuate.endpoint.mvc.EndpointHandlerMapping:543]-- Mapped "{[/loggers || /loggers.json],methods=[GET],produces=[application/vnd.spring-boot.actuator.v1+json || application/json]}" onto public java.lang.Object org.springframework.boot.actuate.endpoint.mvc.EndpointMvcAdapter.invoke()
[2018-01-05 20:30:55] [INFO ] [org.springframework.boot.actuate.endpoint.mvc.EndpointHandlerMapping:543]-- Mapped "{[/dump || /dump.json],methods=[GET],produces=[application/vnd.spring-boot.actuator.v1+json || application/json]}" onto public java.lang.Object org.springframework.boot.actuate.endpoint.mvc.EndpointMvcAdapter.invoke()
[2018-01-05 20:30:55] [INFO ] [org.springframework.boot.actuate.endpoint.mvc.EndpointHandlerMapping:543]-- Mapped "{[/metrics/{name:.*}],methods=[GET],produces=[application/vnd.spring-boot.actuator.v1+json || application/json]}" onto public java.lang.Object org.springframework.boot.actuate.endpoint.mvc.MetricsMvcEndpoint.value(java.lang.String)
[2018-01-05 20:30:55] [INFO ] [org.springframework.boot.actuate.endpoint.mvc.EndpointHandlerMapping:543]-- Mapped "{[/metrics || /metrics.json],methods=[GET],produces=[application/vnd.spring-boot.actuator.v1+json || application/json]}" onto public java.lang.Object org.springframework.boot.actuate.endpoint.mvc.EndpointMvcAdapter.invoke()
[2018-01-05 20:30:55] [INFO ] [org.springframework.boot.actuate.endpoint.mvc.EndpointHandlerMapping:543]-- Mapped "{[/restart || /restart.json],methods=[POST]}" onto public java.lang.Object org.springframework.cloud.context.restart.RestartMvcEndpoint.invoke()
[2018-01-05 20:30:55] [INFO ] [org.springframework.boot.actuate.endpoint.mvc.EndpointHandlerMapping:543]-- Mapped "{[/pause || /pause.json],methods=[POST]}" onto public java.lang.Object org.springframework.cloud.endpoint.GenericPostableMvcEndpoint.invoke()
[2018-01-05 20:30:55] [INFO ] [org.springframework.boot.actuate.endpoint.mvc.EndpointHandlerMapping:543]-- Mapped "{[/resume || /resume.json],methods=[POST]}" onto public java.lang.Object org.springframework.cloud.endpoint.GenericPostableMvcEndpoint.invoke()
[2018-01-05 20:30:55] [INFO ] [org.springframework.boot.actuate.endpoint.mvc.EndpointHandlerMapping:543]-- Mapped "{[/info || /info.json],methods=[GET],produces=[application/vnd.spring-boot.actuator.v1+json || application/json]}" onto public java.lang.Object org.springframework.boot.actuate.endpoint.mvc.EndpointMvcAdapter.invoke()
[2018-01-05 20:30:55] [INFO ] [org.springframework.boot.actuate.endpoint.mvc.EndpointHandlerMapping:543]-- Mapped "{[/env/{name:.*}],methods=[GET],produces=[application/vnd.spring-boot.actuator.v1+json || application/json]}" onto public java.lang.Object org.springframework.boot.actuate.endpoint.mvc.EnvironmentMvcEndpoint.value(java.lang.String)
[2018-01-05 20:30:55] [INFO ] [org.springframework.boot.actuate.endpoint.mvc.EndpointHandlerMapping:543]-- Mapped "{[/env || /env.json],methods=[GET],produces=[application/vnd.spring-boot.actuator.v1+json || application/json]}" onto public java.lang.Object org.springframework.boot.actuate.endpoint.mvc.EndpointMvcAdapter.invoke()
[2018-01-05 20:30:55] [INFO ] [org.springframework.boot.actuate.endpoint.mvc.EndpointHandlerMapping:543]-- Mapped "{[/env],methods=[POST]}" onto public java.lang.Object org.springframework.cloud.context.environment.EnvironmentManagerMvcEndpoint.value(java.util.Map<java.lang.String, java.lang.String>)
[2018-01-05 20:30:55] [INFO ] [org.springframework.boot.actuate.endpoint.mvc.EndpointHandlerMapping:543]-- Mapped "{[/env/reset],methods=[POST]}" onto public java.util.Map<java.lang.String, java.lang.Object> org.springframework.cloud.context.environment.EnvironmentManagerMvcEndpoint.reset()
[2018-01-05 20:30:55] [INFO ] [org.springframework.boot.actuate.endpoint.mvc.EndpointHandlerMapping:543]-- Mapped "{[/beans || /beans.json],methods=[GET],produces=[application/vnd.spring-boot.actuator.v1+json || application/json]}" onto public java.lang.Object org.springframework.boot.actuate.endpoint.mvc.EndpointMvcAdapter.invoke()
[2018-01-05 20:30:55] [INFO ] [org.springframework.boot.actuate.endpoint.mvc.EndpointHandlerMapping:543]-- Mapped "{[/mappings || /mappings.json],methods=[GET],produces=[application/vnd.spring-boot.actuator.v1+json || application/json]}" onto public java.lang.Object org.springframework.boot.actuate.endpoint.mvc.EndpointMvcAdapter.invoke()
[2018-01-05 20:30:55] [INFO ] [org.springframework.boot.actuate.endpoint.mvc.EndpointHandlerMapping:543]-- Mapped "{[/features || /features.json],methods=[GET],produces=[application/vnd.spring-boot.actuator.v1+json || application/json]}" onto public java.lang.Object org.springframework.boot.actuate.endpoint.mvc.EndpointMvcAdapter.invoke()
[2018-01-05 20:30:55] [INFO ] [org.springframework.boot.actuate.endpoint.mvc.EndpointHandlerMapping:543]-- Mapped "{[/trace || /trace.json],methods=[GET],produces=[application/vnd.spring-boot.actuator.v1+json || application/json]}" onto public java.lang.Object org.springframework.boot.actuate.endpoint.mvc.EndpointMvcAdapter.invoke()
[2018-01-05 20:30:55] [INFO ] [org.springframework.boot.actuate.endpoint.mvc.EndpointHandlerMapping:543]-- Mapped "{[/autoconfig || /autoconfig.json],methods=[GET],produces=[application/vnd.spring-boot.actuator.v1+json || application/json]}" onto public java.lang.Object org.springframework.boot.actuate.endpoint.mvc.EndpointMvcAdapter.invoke()
[2018-01-05 20:30:55] [INFO ] [org.springframework.boot.actuate.endpoint.mvc.EndpointHandlerMapping:543]-- Mapped "{[/refresh || /refresh.json],methods=[POST]}" onto public java.lang.Object org.springframework.cloud.endpoint.GenericPostableMvcEndpoint.invoke()
[2018-01-05 20:30:55] [INFO ] [org.springframework.boot.actuate.endpoint.mvc.EndpointHandlerMapping:543]-- Mapped "{[/configprops || /configprops.json],methods=[GET],produces=[application/vnd.spring-boot.actuator.v1+json || application/json]}" onto public java.lang.Object org.springframework.boot.actuate.endpoint.mvc.EndpointMvcAdapter.invoke()
[2018-01-05 20:30:55] [INFO ] [org.springframework.boot.actuate.endpoint.mvc.EndpointHandlerMapping:543]-- Mapped "{[/health || /health.json],methods=[GET],produces=[application/vnd.spring-boot.actuator.v1+json || application/json]}" onto public java.lang.Object org.springframework.boot.actuate.endpoint.mvc.HealthMvcEndpoint.invoke(javax.servlet.http.HttpServletRequest,java.security.Principal)
[2018-01-05 20:30:55] [INFO ] [org.springframework.boot.actuate.endpoint.mvc.EndpointHandlerMapping:543]-- Mapped "{[/jolokia/**]}" onto public org.springframework.web.servlet.ModelAndView org.springframework.boot.actuate.endpoint.mvc.JolokiaMvcEndpoint.handle(javax.servlet.http.HttpServletRequest,javax.servlet.http.HttpServletResponse) throws java.lang.Exception
[2018-01-05 20:30:55] [INFO ] [org.springframework.boot.actuate.endpoint.mvc.EndpointHandlerMapping:543]-- Mapped "{[/archaius || /archaius.json],methods=[GET],produces=[application/vnd.spring-boot.actuator.v1+json || application/json]}" onto public java.lang.Object org.springframework.boot.actuate.endpoint.mvc.EndpointMvcAdapter.invoke()
[2018-01-05 20:30:56] [INFO ] [org.springframework.jmx.export.annotation.AnnotationMBeanExporter:431]-- Registering beans for JMX exposure on startup
[2018-01-05 20:30:56] [INFO ] [org.springframework.jmx.export.annotation.AnnotationMBeanExporter:916]-- Bean with name 'environmentManager' has been autodetected for JMX exposure
[2018-01-05 20:30:56] [INFO ] [org.springframework.jmx.export.annotation.AnnotationMBeanExporter:916]-- Bean with name 'configurationPropertiesRebinder' has been autodetected for JMX exposure
[2018-01-05 20:30:56] [INFO ] [org.springframework.jmx.export.annotation.AnnotationMBeanExporter:916]-- Bean with name 'refreshEndpoint' has been autodetected for JMX exposure
[2018-01-05 20:30:56] [INFO ] [org.springframework.jmx.export.annotation.AnnotationMBeanExporter:916]-- Bean with name 'restartEndpoint' has been autodetected for JMX exposure
[2018-01-05 20:30:56] [INFO ] [org.springframework.jmx.export.annotation.AnnotationMBeanExporter:916]-- Bean with name 'refreshScope' has been autodetected for JMX exposure
[2018-01-05 20:30:56] [INFO ] [org.springframework.jmx.export.annotation.AnnotationMBeanExporter:678]-- Located managed bean 'environmentManager': registering with JMX server as MBean [org.springframework.cloud.context.environment:name=environmentManager,type=EnvironmentManager]
[2018-01-05 20:30:56] [INFO ] [org.springframework.jmx.export.annotation.AnnotationMBeanExporter:678]-- Located managed bean 'restartEndpoint': registering with JMX server as MBean [org.springframework.cloud.context.restart:name=restartEndpoint,type=RestartEndpoint]
[2018-01-05 20:30:56] [INFO ] [org.springframework.jmx.export.annotation.AnnotationMBeanExporter:678]-- Located managed bean 'refreshScope': registering with JMX server as MBean [org.springframework.cloud.context.scope.refresh:name=refreshScope,type=RefreshScope]
[2018-01-05 20:30:56] [INFO ] [org.springframework.jmx.export.annotation.AnnotationMBeanExporter:678]-- Located managed bean 'configurationPropertiesRebinder': registering with JMX server as MBean [org.springframework.cloud.context.properties:name=configurationPropertiesRebinder,context=3cce57c7,type=ConfigurationPropertiesRebinder]
[2018-01-05 20:30:56] [INFO ] [org.springframework.jmx.export.annotation.AnnotationMBeanExporter:678]-- Located managed bean 'refreshEndpoint': registering with JMX server as MBean [org.springframework.cloud.endpoint:name=refreshEndpoint,type=RefreshEndpoint]
[2018-01-05 20:30:56] [INFO ] [org.springframework.boot.actuate.endpoint.jmx.EndpointMBeanExporter:431]-- Registering beans for JMX exposure on startup
[2018-01-05 20:30:56] [INFO ] [org.apache.catalina.core.ContainerBase.[Tomcat].[localhost].[/]:179]-- jolokia: No access restrictor found, access to any MBean is allowed
[2018-01-05 20:30:56] [INFO ] [org.apache.catalina.core.ContainerBase.[Tomcat].[localhost].[/]:179]-- jolokia: jolokia:type=Config is already registered. Adding it with jolokia:type=Config,uuid=750327a8-f417-44d3-918c-d3d1a053b9a5, but you should revise your setup in order to either use a qualifier or ensure, that only a single agent gets registered (otherwise history functionality might not work)
[2018-01-05 20:30:56] [INFO ] [org.apache.catalina.core.ContainerBase.[Tomcat].[localhost].[/]:179]-- jolokia: Cannot register (legacy) MBean handler for config store with name jmx4perl:type=Config since it already exists. This is the case if another agent has been already started within the same JVM. The registration is skipped.
[2018-01-05 20:30:56] [INFO ] [org.apache.catalina.core.ContainerBase.[Tomcat].[localhost].[/]:179]-- jolokia: Jolokia Discovery MBean registration is skipped because there is already one registered.
[2018-01-05 20:30:56] [INFO ] [org.springframework.context.support.DefaultLifecycleProcessor:343]-- Starting beans in phase 0
[2018-01-05 20:30:56] [INFO ] [org.springframework.boot.actuate.endpoint.jmx.EndpointMBeanExporter:678]-- Located managed bean 'auditEventsEndpoint': registering with JMX server as MBean [org.springframework.boot:type=Endpoint,name=auditEventsEndpoint]
[2018-01-05 20:30:56] [INFO ] [org.springframework.boot.actuate.endpoint.jmx.EndpointMBeanExporter:678]-- Located managed bean 'archaiusEndpoint': registering with JMX server as MBean [org.springframework.boot:type=Endpoint,name=archaiusEndpoint]
[2018-01-05 20:30:56] [INFO ] [org.springframework.boot.actuate.endpoint.jmx.EndpointMBeanExporter:678]-- Located managed bean 'featuresEndpoint': registering with JMX server as MBean [org.springframework.boot:type=Endpoint,name=featuresEndpoint]
[2018-01-05 20:30:56] [INFO ] [org.springframework.boot.actuate.endpoint.jmx.EndpointMBeanExporter:678]-- Located managed bean 'requestMappingEndpoint': registering with JMX server as MBean [org.springframework.boot:type=Endpoint,name=requestMappingEndpoint]
[2018-01-05 20:30:56] [INFO ] [org.springframework.boot.actuate.endpoint.jmx.EndpointMBeanExporter:678]-- Located managed bean 'environmentEndpoint': registering with JMX server as MBean [org.springframework.boot:type=Endpoint,name=environmentEndpoint]
[2018-01-05 20:30:56] [INFO ] [org.springframework.boot.actuate.endpoint.jmx.EndpointMBeanExporter:678]-- Located managed bean 'healthEndpoint': registering with JMX server as MBean [org.springframework.boot:type=Endpoint,name=healthEndpoint]
[2018-01-05 20:30:56] [INFO ] [org.springframework.boot.actuate.endpoint.jmx.EndpointMBeanExporter:678]-- Located managed bean 'beansEndpoint': registering with JMX server as MBean [org.springframework.boot:type=Endpoint,name=beansEndpoint]
[2018-01-05 20:30:56] [INFO ] [org.springframework.boot.actuate.endpoint.jmx.EndpointMBeanExporter:678]-- Located managed bean 'infoEndpoint': registering with JMX server as MBean [org.springframework.boot:type=Endpoint,name=infoEndpoint]
[2018-01-05 20:30:56] [INFO ] [org.springframework.boot.actuate.endpoint.jmx.EndpointMBeanExporter:678]-- Located managed bean 'loggersEndpoint': registering with JMX server as MBean [org.springframework.boot:type=Endpoint,name=loggersEndpoint]
[2018-01-05 20:30:56] [INFO ] [org.springframework.boot.actuate.endpoint.jmx.EndpointMBeanExporter:678]-- Located managed bean 'metricsEndpoint': registering with JMX server as MBean [org.springframework.boot:type=Endpoint,name=metricsEndpoint]
[2018-01-05 20:30:56] [INFO ] [org.springframework.boot.actuate.endpoint.jmx.EndpointMBeanExporter:678]-- Located managed bean 'traceEndpoint': registering with JMX server as MBean [org.springframework.boot:type=Endpoint,name=traceEndpoint]
[2018-01-05 20:30:56] [INFO ] [org.springframework.boot.actuate.endpoint.jmx.EndpointMBeanExporter:678]-- Located managed bean 'dumpEndpoint': registering with JMX server as MBean [org.springframework.boot:type=Endpoint,name=dumpEndpoint]
[2018-01-05 20:30:56] [INFO ] [org.springframework.boot.actuate.endpoint.jmx.EndpointMBeanExporter:678]-- Located managed bean 'autoConfigurationReportEndpoint': registering with JMX server as MBean [org.springframework.boot:type=Endpoint,name=autoConfigurationReportEndpoint]
[2018-01-05 20:30:56] [INFO ] [org.springframework.boot.actuate.endpoint.jmx.EndpointMBeanExporter:678]-- Located managed bean 'configurationPropertiesReportEndpoint': registering with JMX server as MBean [org.springframework.boot:type=Endpoint,name=configurationPropertiesReportEndpoint]
[2018-01-05 20:30:56] [INFO ] [org.springframework.scheduling.annotation.ScheduledAnnotationBeanPostProcessor:260]-- No TaskScheduler/ScheduledExecutorService bean found for scheduled processing
[2018-01-05 20:30:57] [INFO ] [org.apache.coyote.http11.Http11NioProtocol:179]-- Initializing ProtocolHandler ["http-nio-5000"]
[2018-01-05 20:30:57] [INFO ] [org.apache.coyote.http11.Http11NioProtocol:179]-- Starting ProtocolHandler [http-nio-5000]
[2018-01-05 20:30:57] [INFO ] [org.apache.tomcat.util.net.NioSelectorPool:179]-- Using a shared selector for servlet write/read
[2018-01-05 20:30:57] [INFO ] [org.springframework.boot.context.embedded.tomcat.TomcatEmbeddedServletContainer:198]-- Tomcat started on port(s): 5000 (http)
[2018-01-05 20:30:57] [INFO ] [com.nf.NFApplication:57]-- Started NFApplication in 217.383 seconds (JVM running for 218.183)
[2018-01-05 20:31:55] [INFO ] [org.apache.catalina.core.ContainerBase.[Tomcat].[localhost].[/]:179]-- Initializing Spring FrameworkServlet 'dispatcherServlet'
[2018-01-05 20:31:55] [INFO ] [org.springframework.web.servlet.DispatcherServlet:489]-- FrameworkServlet 'dispatcherServlet': initialization started
[2018-01-05 20:31:55] [INFO ] [org.springframework.web.servlet.DispatcherServlet:508]-- FrameworkServlet 'dispatcherServlet': initialization completed in 65 ms
